<?xml version="1.0" encoding="UTF-8"?>
<!-- Generated by org.testng.reporters.JUnitReportReporter -->
<testsuite hostname="DESKTOP-J5SQ3CR" failures="0" tests="1" name="TestCases.SignupTest" time="0.787" errors="0" timestamp="2025-10-24T18:25:22 IST" skipped="0">
  <testcase classname="TestCases.SignupTest" name="SignupTestt" time="0.787"/>
</testsuite> <!-- TestCases.SignupTest -->
