<?xml version="1.0" encoding="UTF-8"?>
<!-- Generated by org.testng.reporters.JUnitReportReporter -->
<testsuite hostname="DESKTOP-J5SQ3CR" failures="0" tests="1" name="TestCases.Cheapflight_test" time="5.280" errors="0" timestamp="2025-10-25T13:27:49 IST" skipped="0">
  <testcase classname="TestCases.Cheapflight_test" name="flightset" time="5.280"/>
</testsuite> <!-- TestCases.Cheapflight_test -->
